<?xml version="1.0" encoding="UTF-8"?>
<testng-results ignored="0" total="1" passed="1" failed="0" skipped="0">
  <reporter-output>
  </reporter-output>
  <suite started-at="2022-03-23T14:54:02 IST" name="Default suite" finished-at="2022-03-23T14:54:02 IST" duration-ms="89">
    <groups>
    </groups>
    <test started-at="2022-03-23T14:54:02 IST" name="Default test" finished-at="2022-03-23T14:54:02 IST" duration-ms="89">
      <class name="Maven.vtiger.ParameterTest">
        <test-method signature="getData()[pri:0, instance:Maven.vtiger.ParameterTest@741a8937]" started-at="2022-03-23T14:54:02 IST" name="getData" finished-at="2022-03-23T14:54:02 IST" duration-ms="14" status="PASS">
          <reporter-output>
          </reporter-output>
        </test-method> <!-- getData -->
      </class> <!-- Maven.vtiger.ParameterTest -->
    </test> <!-- Default test -->
  </suite> <!-- Default suite -->
</testng-results>
