<?xml version="1.0" encoding="UTF-8"?>
<testng-results ignored="0" total="1" passed="1" failed="0" skipped="0">
  <reporter-output>
  </reporter-output>
  <suite started-at="2022-03-28T17:24:12 IST" name="Default suite" finished-at="2022-03-28T17:24:26 IST" duration-ms="14046">
    <groups>
    </groups>
    <test started-at="2022-03-28T17:24:12 IST" name="Default test" finished-at="2022-03-28T17:24:26 IST" duration-ms="14046">
      <class name="Maven.vtiger.LoginTest">
        <test-method signature="logInToApp()[pri:0, instance:Maven.vtiger.LoginTest@3cebbb30]" started-at="2022-03-28T17:24:12 IST" name="logInToApp" finished-at="2022-03-28T17:24:26 IST" duration-ms="13975" status="PASS">
          <reporter-output>
          </reporter-output>
        </test-method> <!-- logInToApp -->
      </class> <!-- Maven.vtiger.LoginTest -->
    </test> <!-- Default test -->
  </suite> <!-- Default suite -->
</testng-results>
